<?xml version="1.0" encoding="UTF-8"?>
<!-- Generated by org.testng.reporters.JUnitReportReporter -->
<testsuite hostname="DESKTOP-J35S6C5" failures="0" tests="7" name="priority.com.Priority2" time="0.029" errors="0" timestamp="2023-10-04T22:30:04 IST" skipped="0">
  <testcase classname="priority.com.Priority2" name="tstCase02" time="0.006"/>
  <system-out/>
  <testcase classname="priority.com.Priority2" name="atstCase06" time="0.003"/>
  <system-out/>
  <testcase classname="priority.com.Priority2" name="tstCase05" time="0.009"/>
  <system-out/>
  <testcase classname="priority.com.Priority2" name="tstCase01" time="0.003"/>
  <system-out/>
  <testcase classname="priority.com.Priority2" name="tstCase04" time="0.002"/>
  <system-out/>
  <testcase classname="priority.com.Priority2" name="tstCase03" time="0.003"/>
  <system-out/>
  <testcase classname="priority.com.Priority2" name="btstCase07" time="0.003"/>
  <system-out/>
</testsuite> <!-- priority.com.Priority2 -->
