<?xml version="1.0" encoding="UTF-8"?>
<!-- Generated by org.testng.reporters.JUnitReportReporter -->
<testsuite hostname="DESKTOP-J35S6C5" failures="0" tests="9" name="group.com.GroupClass2" time="0.012" errors="0" timestamp="2023-10-05T22:08:34 IST" skipped="0">
  <testcase classname="group.com.GroupClass2" name="groupTestCase052" time="0.001"/>
  <system-out/>
  <testcase classname="group.com.GroupClass2" name="groupTestCase022" time="0.002"/>
  <system-out/>
  <testcase classname="group.com.GroupClass2" name="groupTestCase012" time="0.003"/>
  <system-out/>
  <testcase classname="group.com.GroupClass2" name="groupTestCase032" time="0.002"/>
  <system-out/>
  <testcase classname="group.com.GroupClass2" name="groupTestCase092" time="0.000"/>
  <system-out/>
  <testcase classname="group.com.GroupClass2" name="groupTestCase062" time="0.001"/>
  <system-out/>
  <testcase classname="group.com.GroupClass2" name="groupTestCase042" time="0.001"/>
  <system-out/>
  <testcase classname="group.com.GroupClass2" name="groupTestCase072" time="0.001"/>
  <system-out/>
  <testcase classname="group.com.GroupClass2" name="groupTestCase082" time="0.001"/>
  <system-out/>
</testsuite> <!-- group.com.GroupClass2 -->
