<?xml version="1.0" encoding="UTF-8"?>
<!-- Generated by org.testng.reporters.JUnitReportReporter -->
<testsuite hostname="DESKTOP-J35S6C5" failures="0" tests="5" name="testNGWithBaseClass.com.TestNGWithBaseClass2" time="0.014" errors="0" timestamp="2023-10-02T22:19:49 IST" skipped="1">
  <testcase classname="testNGWithBaseClass.com.TestNGWithBaseClass2" name="tstCase08" time="0.002"/>
  <system-out/>
  <testcase classname="testNGWithBaseClass.com.TestNGWithBaseClass2" name="tstCase09" time="0.001"/>
  <system-out/>
  <testcase classname="testNGWithBaseClass.com.TestNGWithBaseClass2" name="tstCase10" time="0.003"/>
  <system-out/>
  <testcase classname="testNGWithBaseClass.com.TestNGWithBaseClass2" name="tstCase07" time="0.008"/>
  <system-out/>
  <testcase classname="testNGWithBaseClass.com.TestNGWithBaseClass2" name="tstCase06">
    <skipped/>
  </testcase> <!-- tstCase06 -->
  <system-out/>
</testsuite> <!-- testNGWithBaseClass.com.TestNGWithBaseClass2 -->
