<?xml version="1.0" encoding="UTF-8"?>
<!-- Generated by org.testng.reporters.JUnitReportReporter -->
<testsuite hostname="DESKTOP-J35S6C5" failures="0" tests="3" name="parameter.com.ParameterClass" time="0.018" errors="0" timestamp="2023-10-05T21:53:16 IST" skipped="0">
  <testcase classname="parameter.com.ParameterClass" name="parameterTestCase01" time="0.015"/>
  <system-out/>
  <testcase classname="parameter.com.ParameterClass" name="parameterTestCase02" time="0.002"/>
  <system-out/>
  <testcase classname="parameter.com.ParameterClass" name="parameterTestCase03" time="0.001"/>
  <system-out/>
</testsuite> <!-- parameter.com.ParameterClass -->
