<?xml version="1.0" encoding="UTF-8"?>
<!-- Generated by org.testng.reporters.JUnitReportReporter -->
<testsuite hostname="DESKTOP-J35S6C5" failures="0" tests="9" name="group.com.GroupClass" time="0.010" errors="0" timestamp="2023-10-06T22:13:36 IST" skipped="0">
  <testcase classname="group.com.GroupClass" name="groupTestCase03" time="0.000"/>
  <system-out/>
  <testcase classname="group.com.GroupClass" name="groupTestCase02" time="0.000"/>
  <system-out/>
  <testcase classname="group.com.GroupClass" name="groupTestCase09" time="0.000"/>
  <system-out/>
  <testcase classname="group.com.GroupClass" name="groupTestCase08" time="0.000"/>
  <system-out/>
  <testcase classname="group.com.GroupClass" name="groupTestCase01" time="0.008"/>
  <system-out/>
  <testcase classname="group.com.GroupClass" name="groupTestCase06" time="0.001"/>
  <system-out/>
  <testcase classname="group.com.GroupClass" name="groupTestCase04" time="0.000"/>
  <system-out/>
  <testcase classname="group.com.GroupClass" name="groupTestCase05" time="0.000"/>
  <system-out/>
  <testcase classname="group.com.GroupClass" name="groupTestCase07" time="0.001"/>
  <system-out/>
</testsuite> <!-- group.com.GroupClass -->
