<?xml version="1.0" encoding="UTF-8"?>
<!-- Generated by org.testng.reporters.JUnitReportReporter -->
<testsuite hostname="DESKTOP-J35S6C5" failures="0" tests="5" name="priority.com.Priority" time="0.027" errors="0" timestamp="2023-10-04T22:27:40 IST" skipped="0">
  <testcase classname="priority.com.Priority" name="tstCase05" time="0.008"/>
  <system-out/>
  <testcase classname="priority.com.Priority" name="tstCase04" time="0.004"/>
  <system-out/>
  <testcase classname="priority.com.Priority" name="tstCase03" time="0.007"/>
  <system-out/>
  <testcase classname="priority.com.Priority" name="tstCase02" time="0.005"/>
  <system-out/>
  <testcase classname="priority.com.Priority" name="tstCase01" time="0.003"/>
  <system-out/>
</testsuite> <!-- priority.com.Priority -->
