<?xml version="1.0" encoding="UTF-8"?>
<!-- Generated by org.testng.reporters.JUnitReportReporter -->
<testsuite hostname="DESKTOP-J35S6C5" failures="0" tests="8" name="invocation.com.DataProviderClass" time="0.017" errors="0" timestamp="2023-10-04T23:15:05 IST" skipped="0">
  <testcase classname="invocation.com.DataProviderClass" name="testCase1" time="0.001"/>
  <system-out/>
  <testcase classname="invocation.com.DataProviderClass" name="testCase2" time="0.002"/>
  <system-out/>
  <testcase classname="invocation.com.DataProviderClass" name="testCase1" time="0.001"/>
  <system-out/>
  <testcase classname="invocation.com.DataProviderClass" name="testCase1" time="0.001"/>
  <system-out/>
  <testcase classname="invocation.com.DataProviderClass" name="testCase2" time="0.002"/>
  <system-out/>
  <testcase classname="invocation.com.DataProviderClass" name="testCase1" time="0.007"/>
  <system-out/>
  <testcase classname="invocation.com.DataProviderClass" name="testCase2" time="0.001"/>
  <system-out/>
  <testcase classname="invocation.com.DataProviderClass" name="testCase2" time="0.002"/>
  <system-out/>
</testsuite> <!-- invocation.com.DataProviderClass -->
