<?xml version="1.0" encoding="UTF-8"?>
<!-- Generated by org.testng.reporters.JUnitReportReporter -->
<testsuite hostname="DESKTOP-J35S6C5" failures="0" tests="2" name="priority.com.Priority2" time="0.238" errors="1" timestamp="2023-10-05T21:28:09 IST" skipped="0">
  <testcase classname="priority.com.Priority2" name="tstCase01" time="0.233">
    <error message="Method priority.com.Priority2.tstCase01() didn&#039;t finish within the time-out 200" type="org.testng.internal.thread.ThreadTimeoutException">
      <![CDATA[org.testng.internal.thread.ThreadTimeoutException: Method priority.com.Priority2.tstCase01() didn't finish within the time-out 200
at java.base@11.0.16.1/java.lang.Thread.sleep(Native Method)
at app//priority.com.Priority2.tstCase01(Priority2.java:61)
at java.base@11.0.16.1/jdk.internal.reflect.NativeMethodAccessorImpl.invoke0(Native Method)
at java.base@11.0.16.1/jdk.internal.reflect.NativeMethodAccessorImpl.invoke(NativeMethodAccessorImpl.java:62)
at java.base@11.0.16.1/jdk.internal.reflect.DelegatingMethodAccessorImpl.invoke(DelegatingMethodAccessorImpl.java:43)
at java.base@11.0.16.1/java.lang.reflect.Method.invoke(Method.java:566)
at app//org.testng.internal.invokers.MethodInvocationHelper.invokeMethod(MethodInvocationHelper.java:139)
at app//org.testng.internal.invokers.InvokeMethodRunnable.runOne(InvokeMethodRunnable.java:47)
at app//org.testng.internal.invokers.InvokeMethodRunnable.call(InvokeMethodRunnable.java:76)
at app//org.testng.internal.invokers.InvokeMethodRunnable.call(InvokeMethodRunnable.java:11)
at java.base@11.0.16.1/java.util.concurrent.FutureTask.run(FutureTask.java:264)
at java.base@11.0.16.1/java.util.concurrent.ThreadPoolExecutor.runWorker(ThreadPoolExecutor.java:1128)
at java.base@11.0.16.1/java.util.concurrent.ThreadPoolExecutor$Worker.run(ThreadPoolExecutor.java:628)
at java.base@11.0.16.1/java.lang.Thread.run(Thread.java:834)
]]>
    </error>
  </testcase> <!-- tstCase01 -->
  <system-out/>
  <testcase classname="priority.com.Priority2" name="tstCase02" time="0.005"/>
  <system-out/>
</testsuite> <!-- priority.com.Priority2 -->
