<?xml version="1.0" encoding="UTF-8"?>
<!-- Generated by org.testng.reporters.JUnitReportReporter -->
<testsuite hostname="DESKTOP-J35S6C5" failures="0" tests="4" name="testNGWithoutBaseClass.com.TestNGWithoutBaseClass" time="0.020" errors="0" timestamp="2023-10-02T22:13:59 IST" skipped="1">
  <testcase classname="testNGWithoutBaseClass.com.TestNGWithoutBaseClass" name="tstCase02" time="0.013"/>
  <system-out/>
  <testcase classname="testNGWithoutBaseClass.com.TestNGWithoutBaseClass" name="tstCase04" time="0.004"/>
  <system-out/>
  <testcase classname="testNGWithoutBaseClass.com.TestNGWithoutBaseClass" name="tstCase05" time="0.003"/>
  <system-out/>
  <testcase classname="testNGWithoutBaseClass.com.TestNGWithoutBaseClass" name="tstCase01">
    <skipped/>
  </testcase> <!-- tstCase01 -->
  <system-out/>
</testsuite> <!-- testNGWithoutBaseClass.com.TestNGWithoutBaseClass -->
