<?xml version="1.0" encoding="UTF-8"?>
<!-- Generated by org.testng.reporters.JUnitReportReporter -->
<testsuite hostname="DESKTOP-J35S6C5" failures="0" tests="4" name="testNGWithBaseClass.com.TestNGWithBaseClass" time="0.017" errors="0" timestamp="2023-10-02T22:18:52 IST" skipped="1">
  <testcase classname="testNGWithBaseClass.com.TestNGWithBaseClass" name="tstCase02" time="0.012"/>
  <system-out/>
  <testcase classname="testNGWithBaseClass.com.TestNGWithBaseClass" name="tstCase04" time="0.003"/>
  <system-out/>
  <testcase classname="testNGWithBaseClass.com.TestNGWithBaseClass" name="tstCase05" time="0.002"/>
  <system-out/>
  <testcase classname="testNGWithBaseClass.com.TestNGWithBaseClass" name="tstCase01">
    <skipped/>
  </testcase> <!-- tstCase01 -->
  <system-out/>
</testsuite> <!-- testNGWithBaseClass.com.TestNGWithBaseClass -->
