<?xml version="1.0" encoding="UTF-8"?>
<!-- Generated by org.testng.reporters.JUnitReportReporter -->
<testsuite hostname="DESKTOP-J35S6C5" failures="0" tests="7" name="priority.com.Priority3" time="0.027" errors="0" timestamp="2023-10-04T22:39:41 IST" skipped="0">
  <testcase classname="priority.com.Priority3" name="tstCase04" time="0.008"/>
  <system-out/>
  <testcase classname="priority.com.Priority3" name="tstCase05" time="0.002"/>
  <system-out/>
  <testcase classname="priority.com.Priority3" name="tstCase03" time="0.002"/>
  <system-out/>
  <testcase classname="priority.com.Priority3" name="btstCase07" time="0.005"/>
  <system-out/>
  <testcase classname="priority.com.Priority3" name="atstCase06" time="0.003"/>
  <system-out/>
  <testcase classname="priority.com.Priority3" name="tstCase01" time="0.003"/>
  <system-out/>
  <testcase classname="priority.com.Priority3" name="tstCase02" time="0.004"/>
  <system-out/>
</testsuite> <!-- priority.com.Priority3 -->
