<?xml version="1.0" encoding="UTF-8"?>
<!-- Generated by org.testng.reporters.JUnitReportReporter -->
<testsuite hostname="DESKTOP-J35S6C5" failures="0" tests="3" name="testNGWithoutBaseClass.com.TestNGWithoutBaseClass2" time="0.005" errors="0" timestamp="2023-10-02T22:02:18 IST" skipped="1">
  <testcase classname="testNGWithoutBaseClass.com.TestNGWithoutBaseClass2" name="tstCase04" time="0.002"/>
  <system-out/>
  <testcase classname="testNGWithoutBaseClass.com.TestNGWithoutBaseClass2" name="tstCase05" time="0.003"/>
  <system-out/>
  <testcase classname="testNGWithoutBaseClass.com.TestNGWithoutBaseClass2" name="tstCase01">
    <skipped/>
  </testcase> <!-- tstCase01 -->
  <system-out/>
</testsuite> <!-- testNGWithoutBaseClass.com.TestNGWithoutBaseClass2 -->
