<?xml version="1.0" encoding="UTF-8"?>
<!-- Generated by org.testng.reporters.JUnitReportReporter -->
<testsuite hostname="DESKTOP-J35S6C5" failures="0" tests="5" name="invocation.com.InvocationClass" time="0.024" errors="0" timestamp="2023-10-04T22:48:31 IST" skipped="0">
  <testcase classname="invocation.com.InvocationClass" name="testCase1" time="0.003"/>
  <system-out/>
  <testcase classname="invocation.com.InvocationClass" name="testCase1" time="0.014"/>
  <system-out/>
  <testcase classname="invocation.com.InvocationClass" name="testCase1" time="0.001"/>
  <system-out/>
  <testcase classname="invocation.com.InvocationClass" name="testCase1" time="0.002"/>
  <system-out/>
  <testcase classname="invocation.com.InvocationClass" name="testCase1" time="0.004"/>
  <system-out/>
</testsuite> <!-- invocation.com.InvocationClass -->
