<?xml version="1.0" encoding="UTF-8"?>
<!-- Generated by org.testng.reporters.JUnitReportReporter -->
<testsuite hostname="DESKTOP-J35S6C5" failures="0" tests="7" name="dependsOnMethods.com.DependsOnMethods" time="0.011" errors="0" timestamp="2023-10-06T21:37:05 IST" skipped="0">
  <testcase classname="dependsOnMethods.com.DependsOnMethods" name="tstCase07" time="0.001"/>
  <system-out/>
  <testcase classname="dependsOnMethods.com.DependsOnMethods" name="tstCase06" time="0.003"/>
  <system-out/>
  <testcase classname="dependsOnMethods.com.DependsOnMethods" name="tstCase01" time="0.003"/>
  <system-out/>
  <testcase classname="dependsOnMethods.com.DependsOnMethods" name="tstCase02" time="0.002"/>
  <system-out/>
  <testcase classname="dependsOnMethods.com.DependsOnMethods" name="tstCase05" time="0.001"/>
  <system-out/>
  <testcase classname="dependsOnMethods.com.DependsOnMethods" name="tstCase04" time="0.001"/>
  <system-out/>
  <testcase classname="dependsOnMethods.com.DependsOnMethods" name="tstCase03" time="0.000"/>
  <system-out/>
</testsuite> <!-- dependsOnMethods.com.DependsOnMethods -->
